<?xml version="1.0" encoding="UTF-8"?>
<!-- Generated by org.testng.reporters.JUnitReportReporter -->
<testsuite hostname="Reyaansh" failures="0" tests="9" name="Demo.OrangeHRM" time="14.928" errors="0" timestamp="2024-12-26T19:17:34 CET" skipped="8">
  <testcase classname="Demo.OrangeHRM" name="applyLeave" time="14.928"/>
  <testcase classname="Demo.OrangeHRM" name="ListEmployees">
    <skipped/>
  </testcase> <!-- ListEmployees -->
  <testcase classname="Demo.OrangeHRM" name="loginTestwithValidCredential">
    <skipped/>
  </testcase> <!-- loginTestwithValidCredential -->
  <testcase classname="Demo.OrangeHRM" name="searchEmployeeByName">
    <skipped/>
  </testcase> <!-- searchEmployeeByName -->
  <testcase classname="Demo.OrangeHRM" name="deleteEmplyoyee">
    <skipped/>
  </testcase> <!-- deleteEmplyoyee -->
  <testcase classname="Demo.OrangeHRM" name="searchEmployeeById">
    <skipped/>
  </testcase> <!-- searchEmployeeById -->
  <testcase classname="Demo.OrangeHRM" name="fileUpload">
    <skipped/>
  </testcase> <!-- fileUpload -->
  <testcase classname="Demo.OrangeHRM" name="doLoginwithInvalidCredential">
    <skipped/>
  </testcase> <!-- doLoginwithInvalidCredential -->
  <testcase classname="Demo.OrangeHRM" name="addEmployee">
    <skipped/>
  </testcase> <!-- addEmployee -->
</testsuite> <!-- Demo.OrangeHRM -->
