<?xml version="1.0" encoding="UTF-8"?>
<!-- Generated by org.testng.reporters.JUnitReportReporter -->
<testsuite hostname="Reyaansh" failures="0" tests="2" name="Tests.LoginTest" time="5.314" errors="0" timestamp="2024-12-26T21:37:05 CET" skipped="0">
  <testcase classname="Tests.LoginTest" name="doLoginwithInvalidCredential" time="4.160"/>
  <testcase classname="Tests.LoginTest" name="loginTestwithValidCredential" time="1.154"/>
</testsuite> <!-- Tests.LoginTest -->
